Arguments: 
  /Users/yi/.config/nvm/15.3.0/bin/node /Users/yi/.config/nvm/15.3.0/bin/yarn add -D promise-aplus-tests

PATH: 
  /opt/local/bin:/Users/yi/Applications/brew-2.6.0/bin:/Users/yi/Applications/gh_1.3.1_macOS_amd64/bin:/Users/yi/Tools/flutter/bin:/Users/yi/.autojump/bin:/Users/yi/.config/nvm/15.3.0/bin:/usr/local/bin:/usr/bin:/bin:/usr/sbin:/sbin:/Library/Apple/usr/bin:/Users/yi/.autojump/bin:/opt/local/bin:/Users/yi/Applications/brew-2.6.0/bin:/Users/yi/Applications/gh_1.3.1_macOS_amd64/bin:/Users/yi/Tools/flutter/bin

Yarn version: 
  1.22.10

Node version: 
  15.3.0

Platform: 
  darwin x64

Trace: 
  Error: https://registry.npm.taobao.org/promise-aplus-tests: Not found
      at Request.params.callback [as _callback] (/Users/yi/.config/nvm/15.3.0/lib/node_modules/yarn/lib/cli.js:66988:18)
      at Request.self.callback (/Users/yi/.config/nvm/15.3.0/lib/node_modules/yarn/lib/cli.js:140662:22)
      at Request.emit (node:events:376:20)
      at Request.<anonymous> (/Users/yi/.config/nvm/15.3.0/lib/node_modules/yarn/lib/cli.js:141634:10)
      at Request.emit (node:events:376:20)
      at IncomingMessage.<anonymous> (/Users/yi/.config/nvm/15.3.0/lib/node_modules/yarn/lib/cli.js:141556:12)
      at Object.onceWrapper (node:events:482:28)
      at IncomingMessage.emit (node:events:388:22)
      at endReadableNT (node:internal/streams/readable:1294:12)
      at processTicksAndRejections (node:internal/process/task_queues:80:21)

npm manifest: 
  {
    "name": "test",
    "version": "1.0.0",
    "main": "index.js",
    "license": "MIT",
    "devDependencies": {
      "typescript": "^4.1.5"
    },
    "dependencies": {
      "bluebird": "^3.7.2"
    }
  }

yarn manifest: 
  No manifest

Lockfile: 
  # THIS IS AN AUTOGENERATED FILE. DO NOT EDIT THIS FILE DIRECTLY.
  # yarn lockfile v1
  
  
  bluebird@^3.7.2:
    version "3.7.2"
    resolved "https://registry.npm.taobao.org/bluebird/download/bluebird-3.7.2.tgz#9f229c15be272454ffa973ace0dbee79a1b0c36f"
    integrity sha1-nyKcFb4nJFT/qXOs4NvueaGww28=
  
  typescript@^4.1.5:
    version "4.1.5"
    resolved "https://registry.npm.taobao.org/typescript/download/typescript-4.1.5.tgz?cache=0&sync_timestamp=1613027944863&other_urls=https%3A%2F%2Fregistry.npm.taobao.org%2Ftypescript%2Fdownload%2Ftypescript-4.1.5.tgz#123a3b214aaff3be32926f0d8f1f6e704eb89a72"
    integrity sha1-Ejo7IUqv874ykm8Njx9ucE64mnI=
